<?xml version="1.0" encoding="UTF-8"?>
<testsuite xmlns:xsi="http://www.w3.org/2001/XMLSchema-instance" xsi:noNamespaceSchemaLocation="https://maven.apache.org/surefire/maven-surefire-plugin/xsd/surefire-test-report-3.0.xsd" version="3.0" name="RecipeControllerTest" time="5.447" tests="3" errors="0" skipped="0" failures="0">
  <properties>
[...]
</properties>
  <testcase name="getRecipe_shouldReturnRecipeById" classname="RecipeControllerTest" time="0.123">
    <system-out><![CDATA[
  .   ____          _            __ _ _
 /\\ / ___'_ __ _ _(_)_ __  __ _ \ \ \ \
( ( )\___ | '_ | '_| | '_ \/ _` | \ \ \ \
 \\/  ___)| |_)| | | | | || (_| |  ) ) ) )
  '  |____| .__|_| |_|_| |_\__, | / / / /
 =========|_|==============|___/=/_/_/_/
 :: Spring Boot ::                (v3.2.1)

2025-01-27T09:07:21.807+01:00  INFO 3980 --- [           main] RecipeControllerTest                     : Starting RecipeControllerTest using Java 19.0.1 with PID 3980 (started by davim_mbbj75c in C:\dev\m450\M405_DiLeo_Meyer\uebungen\6\recipe-planner-fronend-and-backend\recipe-planner-backend)
2025-01-27T09:07:21.810+01:00  INFO 3980 --- [           main] RecipeControllerTest                     : No active profile set, falling back to 1 default profile: "default"
2025-01-27T09:07:22.374+01:00  INFO 3980 --- [           main] .s.d.r.c.RepositoryConfigurationDelegate : Bootstrapping Spring Data JPA repositories in DEFAULT mode.
2025-01-27T09:07:22.414+01:00  INFO 3980 --- [           main] .s.d.r.c.RepositoryConfigurationDelegate : Finished Spring Data repository scanning in 34 ms. Found 1 JPA repository interface.
2025-01-27T09:07:23.771+01:00  INFO 3980 --- [           main] com.zaxxer.hikari.HikariDataSource       : HikariPool-1 - Starting...
2025-01-27T09:07:24.012+01:00  INFO 3980 --- [           main] com.zaxxer.hikari.pool.HikariPool        : HikariPool-1 - Added connection conn0: url=jdbc:h2:mem:mydb user=SA
2025-01-27T09:07:24.014+01:00  INFO 3980 --- [           main] com.zaxxer.hikari.HikariDataSource       : HikariPool-1 - Start completed.
2025-01-27T09:07:24.116+01:00  INFO 3980 --- [           main] o.hibernate.jpa.internal.util.LogHelper  : HHH000204: Processing PersistenceUnitInfo [name: default]
2025-01-27T09:07:24.188+01:00  INFO 3980 --- [           main] org.hibernate.Version                    : HHH000412: Hibernate ORM core version 6.4.1.Final
2025-01-27T09:07:24.238+01:00  INFO 3980 --- [           main] o.h.c.internal.RegionFactoryInitiator    : HHH000026: Second-level cache disabled
2025-01-27T09:07:24.361+01:00  INFO 3980 --- [           main] o.s.o.j.p.SpringPersistenceUnitInfo      : No LoadTimeWeaver setup: ignoring JPA class transformer
2025-01-27T09:07:25.123+01:00  INFO 3980 --- [           main] o.h.e.t.j.p.i.JtaPlatformInitiator       : HHH000489: No JTA platform available (set 'hibernate.transaction.jta.platform' to enable JTA platform integration)
2025-01-27T09:07:25.159+01:00  INFO 3980 --- [           main] j.LocalContainerEntityManagerFactoryBean : Initialized JPA EntityManagerFactory for persistence unit 'default'
2025-01-27T09:07:25.676+01:00  WARN 3980 --- [           main] JpaBaseConfiguration$JpaWebConfiguration : spring.jpa.open-in-view is enabled by default. Therefore, database queries may be performed during view rendering. Explicitly configure spring.jpa.open-in-view to disable this warning
2025-01-27T09:07:26.101+01:00  INFO 3980 --- [           main] o.s.b.a.h2.H2ConsoleAutoConfiguration    : H2 console available at '/h2-console'. Database available at 'jdbc:h2:mem:mydb'
2025-01-27T09:07:26.198+01:00  INFO 3980 --- [           main] o.s.b.t.m.w.SpringBootMockServletContext : Initializing Spring TestDispatcherServlet ''
2025-01-27T09:07:26.198+01:00  INFO 3980 --- [           main] o.s.t.web.servlet.TestDispatcherServlet  : Initializing Servlet ''
2025-01-27T09:07:26.201+01:00  INFO 3980 --- [           main] o.s.t.web.servlet.TestDispatcherServlet  : Completed initialization in 1 ms
2025-01-27T09:07:26.226+01:00  INFO 3980 --- [           main] RecipeControllerTest                     : Started RecipeControllerTest in 4.647 seconds (process running for 5.613)
2025-01-27T09:07:26.477+01:00  INFO 3980 --- [           main] c.t.r.planner.RecipePlannerApplication   : RecipeEntity(id=e28ad77d-760d-4d54-b0a5-96c0465e76cd, name=Lasagne al Forno, description=Lorem ipsum dolor sit amet, consectetur adipiscing elit, sed do eiusmod tempor incididunt ut labore et dolore magna aliqua., imageUrl=https://www.kitchensanctuary.com/wp-content/uploads/2020/04/Chicken-Fried-Rice-square-FS-.jpg, ingredients=[IngredientEntity(id=68738023-05ba-41b3-83a5-8cbea5ef04fd, name=Tomato, comment=The big ones, unit=PIECE, amount=5)])
2025-01-27T09:07:26.477+01:00  INFO 3980 --- [           main] c.t.r.planner.RecipePlannerApplication   : RecipeEntity(id=ae91477b-9b84-4567-b2d8-02bf37159028, name=Spaghetti Bolognese, description=Lorem ipsum dolor sit amet, consectetur adipiscing elit, sed do eiusmod tempor incididunt ut labore et dolore magna aliqua., imageUrl=https://www.kitchensanctuary.com/wp-content/uploads/2020/04/Chicken-Fried-Rice-square-FS-.jpg, ingredients=[IngredientEntity(id=cf5fb9b5-f2bf-4f9d-8cbe-d2d0bf7df6e5, name=Tomato, comment=The big ones, unit=PIECE, amount=5)])
2025-01-27T09:07:26.477+01:00  INFO 3980 --- [           main] c.t.r.planner.RecipePlannerApplication   : RecipeEntity(id=1c2aa03e-f224-42b2-b71b-f93e782e93f8, name=Fried Rice, description=Lorem ipsum dolor sit amet, consectetur adipiscing elit, sed do eiusmod tempor incididunt ut labore et dolore magna aliqua., imageUrl=https://www.deliciousmagazine.co.uk/wp-content/uploads/2020/01/lasagne.jpg, ingredients=[IngredientEntity(id=309b3ccd-bf8c-42c4-9a84-d5e371dbca2c, name=Tomato, comment=The big ones, unit=PIECE, amount=5)])
2025-01-27T09:07:26.478+01:00  INFO 3980 --- [           main] c.t.r.planner.RecipePlannerApplication   : RecipeEntity(id=ef749900-ee41-4cdb-aaac-d7521c8db2c6, name=Spaghetti Bolognese, description=Lorem ipsum dolor sit amet, consectetur adipiscing elit, sed do eiusmod tempor incididunt ut labore et dolore magna aliqua., imageUrl=https://img.freepik.com/free-photo/grilled-gourmet-burger-with-cheese-tomato-onion-french-fries-generated-by-artificial-intelligence_25030-63181.jpg, ingredients=[IngredientEntity(id=bef7e606-ad89-4224-8d17-3d6f3247e482, name=Tomato, comment=The big ones, unit=PIECE, amount=5)])
2025-01-27T09:07:26.478+01:00  INFO 3980 --- [           main] c.t.r.planner.RecipePlannerApplication   : RecipeEntity(id=47e0150c-d114-4261-87ea-37f740a0c0f5, name=Pommes Frites, description=Lorem ipsum dolor sit amet, consectetur adipiscing elit, sed do eiusmod tempor incididunt ut labore et dolore magna aliqua., imageUrl=https://recipeimages.migros.ch/crop/v-w-1200-h-630-a-center_center/ac38873942ada8c8154f0da0a748adf486a304d8/pommes-frites-0-16-9.jpg, ingredients=[IngredientEntity(id=f46f2d34-6d77-4078-82ee-bbde85445af2, name=Tomato, comment=The big ones, unit=PIECE, amount=5)])
2025-01-27T09:07:26.478+01:00  INFO 3980 --- [           main] c.t.r.planner.RecipePlannerApplication   : RecipeEntity(id=3cb2bfbf-5415-4e74-a095-cd658e25b41c, name=Lasagne al Forno, description=Lorem ipsum dolor sit amet, consectetur adipiscing elit, sed do eiusmod tempor incididunt ut labore et dolore magna aliqua., imageUrl=https://recipeimages.migros.ch/crop/v-w-1200-h-630-a-center_center/ac38873942ada8c8154f0da0a748adf486a304d8/pommes-frites-0-16-9.jpg, ingredients=[IngredientEntity(id=23846af3-ee6f-41c8-8062-ed41f56efc68, name=Tomato, comment=The big ones, unit=PIECE, amount=5)])
2025-01-27T09:07:26.478+01:00  INFO 3980 --- [           main] c.t.r.planner.RecipePlannerApplication   : RecipeEntity(id=bd3df5ea-50e9-4ce5-b502-b035578537d4, name=Spaghetti Bolognese, description=Lorem ipsum dolor sit amet, consectetur adipiscing elit, sed do eiusmod tempor incididunt ut labore et dolore magna aliqua., imageUrl=https://img.taste.com.au/5qlr1PkR/taste/2016/11/spaghetti-bolognese-106560-1.jpeg, ingredients=[IngredientEntity(id=001b8c99-a716-4bff-b219-5de3cb619866, name=Tomato, comment=The big ones, unit=PIECE, amount=5)])
2025-01-27T09:07:26.479+01:00  INFO 3980 --- [           main] c.t.r.planner.RecipePlannerApplication   : RecipeEntity(id=c5851fe7-2d28-4001-abdd-a2bb4e8bf757, name=Fried Rice, description=Lorem ipsum dolor sit amet, consectetur adipiscing elit, sed do eiusmod tempor incididunt ut labore et dolore magna aliqua., imageUrl=https://recipeimages.migros.ch/crop/v-w-1200-h-630-a-center_center/ac38873942ada8c8154f0da0a748adf486a304d8/pommes-frites-0-16-9.jpg, ingredients=[IngredientEntity(id=54b0c8fc-af9a-4440-bc0d-0988857c96a9, name=Tomato, comment=The big ones, unit=PIECE, amount=5)])
2025-01-27T09:07:26.479+01:00  INFO 3980 --- [           main] c.t.r.planner.RecipePlannerApplication   : RecipeEntity(id=6715336e-0f1c-432c-ac96-eaa2f0e29b47, name=Spaghetti Bolognese, description=Lorem ipsum dolor sit amet, consectetur adipiscing elit, sed do eiusmod tempor incididunt ut labore et dolore magna aliqua., imageUrl=https://img.taste.com.au/5qlr1PkR/taste/2016/11/spaghetti-bolognese-106560-1.jpeg, ingredients=[IngredientEntity(id=79c26ecc-f452-42ef-880c-6f6664706143, name=Tomato, comment=The big ones, unit=PIECE, amount=5)])
2025-01-27T09:07:26.479+01:00  INFO 3980 --- [           main] c.t.r.planner.RecipePlannerApplication   : RecipeEntity(id=394de957-520c-49b5-a850-db2e0a0c22a0, name=Pommes Frites, description=Lorem ipsum dolor sit amet, consectetur adipiscing elit, sed do eiusmod tempor incididunt ut labore et dolore magna aliqua., imageUrl=https://www.kitchensanctuary.com/wp-content/uploads/2020/04/Chicken-Fried-Rice-square-FS-.jpg, ingredients=[IngredientEntity(id=f17b7ba8-c721-4440-a72d-abf6ef6dddd2, name=Tomato, comment=The big ones, unit=PIECE, amount=5)])
2025-01-27T09:07:26.479+01:00  INFO 3980 --- [           main] c.t.r.planner.RecipePlannerApplication   : RecipeEntity(id=ba175faf-0245-4554-91b9-880b7b004264, name=Lasagne al Forno, description=Lorem ipsum dolor sit amet, consectetur adipiscing elit, sed do eiusmod tempor incididunt ut labore et dolore magna aliqua., imageUrl=https://www.kitchensanctuary.com/wp-content/uploads/2020/04/Chicken-Fried-Rice-square-FS-.jpg, ingredients=[IngredientEntity(id=006d05ea-1dec-423d-a226-42b6b8c759e4, name=Tomato, comment=The big ones, unit=PIECE, amount=5)])
2025-01-27T09:07:26.479+01:00  INFO 3980 --- [           main] c.t.r.planner.RecipePlannerApplication   : RecipeEntity(id=d128c8b4-01a4-40e1-901a-7de4ef3cc6e1, name=Spaghetti Bolognese, description=Lorem ipsum dolor sit amet, consectetur adipiscing elit, sed do eiusmod tempor incididunt ut labore et dolore magna aliqua., imageUrl=https://www.kitchensanctuary.com/wp-content/uploads/2020/04/Chicken-Fried-Rice-square-FS-.jpg, ingredients=[IngredientEntity(id=c23f6c6b-eec3-4cab-9c38-e0d7c4e14347, name=Tomato, comment=The big ones, unit=PIECE, amount=5)])
2025-01-27T09:07:26.479+01:00  INFO 3980 --- [           main] c.t.r.planner.RecipePlannerApplication   : RecipeEntity(id=376d7f5d-08f9-42c2-868f-850cc99fd34b, name=Fried Rice, description=Lorem ipsum dolor sit amet, consectetur adipiscing elit, sed do eiusmod tempor incididunt ut labore et dolore magna aliqua., imageUrl=https://recipeimages.migros.ch/crop/v-w-1200-h-630-a-center_center/ac38873942ada8c8154f0da0a748adf486a304d8/pommes-frites-0-16-9.jpg, ingredients=[IngredientEntity(id=70f9047a-1db5-4ad7-8136-e488733da91e, name=Tomato, comment=The big ones, unit=PIECE, amount=5)])
2025-01-27T09:07:26.479+01:00  INFO 3980 --- [           main] c.t.r.planner.RecipePlannerApplication   : RecipeEntity(id=e41099df-3e08-4ca6-b444-a59f3cac9cc8, name=Spaghetti Bolognese, description=Lorem ipsum dolor sit amet, consectetur adipiscing elit, sed do eiusmod tempor incididunt ut labore et dolore magna aliqua., imageUrl=https://www.deliciousmagazine.co.uk/wp-content/uploads/2020/01/lasagne.jpg, ingredients=[IngredientEntity(id=caaf213f-4957-45aa-898b-6c688a6bdbbd, name=Tomato, comment=The big ones, unit=PIECE, amount=5)])
2025-01-27T09:07:26.480+01:00  INFO 3980 --- [           main] c.t.r.planner.RecipePlannerApplication   : RecipeEntity(id=51ea0baa-3682-46cf-9d3f-cef4768f9f93, name=Pommes Frites, description=Lorem ipsum dolor sit amet, consectetur adipiscing elit, sed do eiusmod tempor incididunt ut labore et dolore magna aliqua., imageUrl=https://www.deliciousmagazine.co.uk/wp-content/uploads/2020/01/lasagne.jpg, ingredients=[IngredientEntity(id=8e173b2c-eb00-4bdd-94a5-d65dd027fcd3, name=Tomato, comment=The big ones, unit=PIECE, amount=5)])
]]></system-out>
  </testcase>
  <testcase name="getRecipes_shouldReturnListOfRecipes" classname="RecipeControllerTest" time="0.012"/>
  <testcase name="addRecipe_shouldReturnSavedRecipe" classname="RecipeControllerTest" time="0.035"/>
</testsuite>