<?xml version="1.0" encoding="UTF-8"?>
<testsuite xmlns:xsi="http://www.w3.org/2001/XMLSchema-instance" xsi:noNamespaceSchemaLocation="https://maven.apache.org/surefire/maven-surefire-plugin/xsd/surefire-test-report-3.0.xsd" version="3.0" name="RecipeControllerTest" time="23.703" tests="3" errors="0" skipped="0" failures="0">
  <properties>
[...]
</properties>
  <testcase name="getRecipe_shouldReturnRecipeById" classname="RecipeControllerTest" time="0.492">
    <system-out><![CDATA[
  .   ____          _            __ _ _
 /\\ / ___'_ __ _ _(_)_ __  __ _ \ \ \ \
( ( )\___ | '_ | '_| | '_ \/ _` | \ \ \ \
 \\/  ___)| |_)| | | | | || (_| |  ) ) ) )
  '  |____| .__|_| |_|_| |_\__, | / / / /
 =========|_|==============|___/=/_/_/_/
 :: Spring Boot ::                (v3.2.1)

2025-01-27T10:54:14.292+01:00  INFO 1504 --- [           main] RecipeControllerTest                     : Starting RecipeControllerTest using Java 19.0.1 with PID 1504 (started by davim_mbbj75c in C:\dev\m450\M405_DiLeo_Meyer\uebungen\6\recipe-planner-fronend-and-backend\recipe-planner-backend)
2025-01-27T10:54:14.292+01:00  INFO 1504 --- [           main] RecipeControllerTest                     : No active profile set, falling back to 1 default profile: "default"
2025-01-27T10:54:16.660+01:00  INFO 1504 --- [           main] .s.d.r.c.RepositoryConfigurationDelegate : Bootstrapping Spring Data JPA repositories in DEFAULT mode.
2025-01-27T10:54:16.895+01:00  INFO 1504 --- [           main] .s.d.r.c.RepositoryConfigurationDelegate : Finished Spring Data repository scanning in 203 ms. Found 1 JPA repository interface.
2025-01-27T10:54:23.175+01:00  INFO 1504 --- [           main] com.zaxxer.hikari.HikariDataSource       : HikariPool-1 - Starting...
2025-01-27T10:54:24.261+01:00  INFO 1504 --- [           main] com.zaxxer.hikari.pool.HikariPool        : HikariPool-1 - Added connection conn0: url=jdbc:h2:mem:mydb user=SA
2025-01-27T10:54:24.261+01:00  INFO 1504 --- [           main] com.zaxxer.hikari.HikariDataSource       : HikariPool-1 - Start completed.
2025-01-27T10:54:24.956+01:00  INFO 1504 --- [           main] o.hibernate.jpa.internal.util.LogHelper  : HHH000204: Processing PersistenceUnitInfo [name: default]
2025-01-27T10:54:25.415+01:00  INFO 1504 --- [           main] org.hibernate.Version                    : HHH000412: Hibernate ORM core version 6.4.1.Final
2025-01-27T10:54:25.655+01:00  INFO 1504 --- [           main] o.h.c.internal.RegionFactoryInitiator    : HHH000026: Second-level cache disabled
2025-01-27T10:54:26.237+01:00  INFO 1504 --- [           main] o.s.o.j.p.SpringPersistenceUnitInfo      : No LoadTimeWeaver setup: ignoring JPA class transformer
2025-01-27T10:54:29.724+01:00  INFO 1504 --- [           main] o.h.e.t.j.p.i.JtaPlatformInitiator       : HHH000489: No JTA platform available (set 'hibernate.transaction.jta.platform' to enable JTA platform integration)
2025-01-27T10:54:29.882+01:00  INFO 1504 --- [           main] j.LocalContainerEntityManagerFactoryBean : Initialized JPA EntityManagerFactory for persistence unit 'default'
2025-01-27T10:54:31.962+01:00  WARN 1504 --- [           main] JpaBaseConfiguration$JpaWebConfiguration : spring.jpa.open-in-view is enabled by default. Therefore, database queries may be performed during view rendering. Explicitly configure spring.jpa.open-in-view to disable this warning
2025-01-27T10:54:33.236+01:00  INFO 1504 --- [           main] o.s.b.a.h2.H2ConsoleAutoConfiguration    : H2 console available at '/h2-console'. Database available at 'jdbc:h2:mem:mydb'
2025-01-27T10:54:33.484+01:00  INFO 1504 --- [           main] o.s.b.t.m.w.SpringBootMockServletContext : Initializing Spring TestDispatcherServlet ''
2025-01-27T10:54:33.484+01:00  INFO 1504 --- [           main] o.s.t.web.servlet.TestDispatcherServlet  : Initializing Servlet ''
2025-01-27T10:54:33.484+01:00  INFO 1504 --- [           main] o.s.t.web.servlet.TestDispatcherServlet  : Completed initialization in 0 ms
2025-01-27T10:54:33.614+01:00  INFO 1504 --- [           main] RecipeControllerTest                     : Started RecipeControllerTest in 20.483 seconds (process running for 24.418)
2025-01-27T10:54:34.708+01:00  INFO 1504 --- [           main] c.t.r.planner.RecipePlannerApplication   : RecipeEntity(id=f30cf872-0853-4c66-8b7a-5eae690e541b, name=Lasagne al Forno, description=Lorem ipsum dolor sit amet, consectetur adipiscing elit, sed do eiusmod tempor incididunt ut labore et dolore magna aliqua., imageUrl=https://www.deliciousmagazine.co.uk/wp-content/uploads/2020/01/lasagne.jpg, ingredients=[IngredientEntity(id=89e98fa8-66d9-44e6-957d-03e939cd1ca5, name=Tomato, comment=The big ones, unit=PIECE, amount=5)])
2025-01-27T10:54:34.708+01:00  INFO 1504 --- [           main] c.t.r.planner.RecipePlannerApplication   : RecipeEntity(id=ba48897f-ac8a-4b83-a145-0040bf8d992b, name=Spaghetti Bolognese, description=Lorem ipsum dolor sit amet, consectetur adipiscing elit, sed do eiusmod tempor incididunt ut labore et dolore magna aliqua., imageUrl=https://img.taste.com.au/5qlr1PkR/taste/2016/11/spaghetti-bolognese-106560-1.jpeg, ingredients=[IngredientEntity(id=a7ee1278-bbbe-452d-a73a-266ff6721026, name=Tomato, comment=The big ones, unit=PIECE, amount=5)])
2025-01-27T10:54:34.708+01:00  INFO 1504 --- [           main] c.t.r.planner.RecipePlannerApplication   : RecipeEntity(id=19e36507-6162-41fb-9c18-892ac3f32f36, name=Fried Rice, description=Lorem ipsum dolor sit amet, consectetur adipiscing elit, sed do eiusmod tempor incididunt ut labore et dolore magna aliqua., imageUrl=https://img.freepik.com/free-photo/grilled-gourmet-burger-with-cheese-tomato-onion-french-fries-generated-by-artificial-intelligence_25030-63181.jpg, ingredients=[IngredientEntity(id=2d311be3-d32d-4619-bf09-91a693b32823, name=Tomato, comment=The big ones, unit=PIECE, amount=5)])
2025-01-27T10:54:34.708+01:00  INFO 1504 --- [           main] c.t.r.planner.RecipePlannerApplication   : RecipeEntity(id=40b6b0bb-b4c0-4c5d-928e-9a4ec161734b, name=Spaghetti Bolognese, description=Lorem ipsum dolor sit amet, consectetur adipiscing elit, sed do eiusmod tempor incididunt ut labore et dolore magna aliqua., imageUrl=https://recipeimages.migros.ch/crop/v-w-1200-h-630-a-center_center/ac38873942ada8c8154f0da0a748adf486a304d8/pommes-frites-0-16-9.jpg, ingredients=[IngredientEntity(id=14485d4c-5b69-49b3-bbbc-960910ead0eb, name=Tomato, comment=The big ones, unit=PIECE, amount=5)])
2025-01-27T10:54:34.708+01:00  INFO 1504 --- [           main] c.t.r.planner.RecipePlannerApplication   : RecipeEntity(id=e78f10c3-a1b1-4ee5-ba93-8e3d70ef2f93, name=Pommes Frites, description=Lorem ipsum dolor sit amet, consectetur adipiscing elit, sed do eiusmod tempor incididunt ut labore et dolore magna aliqua., imageUrl=https://img.taste.com.au/5qlr1PkR/taste/2016/11/spaghetti-bolognese-106560-1.jpeg, ingredients=[IngredientEntity(id=ba96d978-e90b-4884-842a-c3b048a2043c, name=Tomato, comment=The big ones, unit=PIECE, amount=5)])
2025-01-27T10:54:34.708+01:00  INFO 1504 --- [           main] c.t.r.planner.RecipePlannerApplication   : RecipeEntity(id=374d95de-06c4-4b39-9c58-f477c1d3c926, name=Lasagne al Forno, description=Lorem ipsum dolor sit amet, consectetur adipiscing elit, sed do eiusmod tempor incididunt ut labore et dolore magna aliqua., imageUrl=https://www.deliciousmagazine.co.uk/wp-content/uploads/2020/01/lasagne.jpg, ingredients=[IngredientEntity(id=eb1e7781-dd9b-4cb7-84ed-de98d975b205, name=Tomato, comment=The big ones, unit=PIECE, amount=5)])
2025-01-27T10:54:34.708+01:00  INFO 1504 --- [           main] c.t.r.planner.RecipePlannerApplication   : RecipeEntity(id=ff62371c-a887-432a-96b4-a3f4b589a61a, name=Spaghetti Bolognese, description=Lorem ipsum dolor sit amet, consectetur adipiscing elit, sed do eiusmod tempor incididunt ut labore et dolore magna aliqua., imageUrl=https://img.taste.com.au/5qlr1PkR/taste/2016/11/spaghetti-bolognese-106560-1.jpeg, ingredients=[IngredientEntity(id=5fe4b66a-a3e0-4d9b-ac40-83fd23a1d1b2, name=Tomato, comment=The big ones, unit=PIECE, amount=5)])
2025-01-27T10:54:34.708+01:00  INFO 1504 --- [           main] c.t.r.planner.RecipePlannerApplication   : RecipeEntity(id=18b6ef6d-a10a-4a0c-b8f4-d477640a9e23, name=Fried Rice, description=Lorem ipsum dolor sit amet, consectetur adipiscing elit, sed do eiusmod tempor incididunt ut labore et dolore magna aliqua., imageUrl=https://www.kitchensanctuary.com/wp-content/uploads/2020/04/Chicken-Fried-Rice-square-FS-.jpg, ingredients=[IngredientEntity(id=e09eb26f-f732-4775-b550-647ee1ed3a16, name=Tomato, comment=The big ones, unit=PIECE, amount=5)])
2025-01-27T10:54:34.708+01:00  INFO 1504 --- [           main] c.t.r.planner.RecipePlannerApplication   : RecipeEntity(id=88c4e628-e55e-4983-97b0-c09ae665720b, name=Spaghetti Bolognese, description=Lorem ipsum dolor sit amet, consectetur adipiscing elit, sed do eiusmod tempor incididunt ut labore et dolore magna aliqua., imageUrl=https://www.deliciousmagazine.co.uk/wp-content/uploads/2020/01/lasagne.jpg, ingredients=[IngredientEntity(id=f6174509-9828-47f9-9490-5a817b1523b2, name=Tomato, comment=The big ones, unit=PIECE, amount=5)])
2025-01-27T10:54:34.708+01:00  INFO 1504 --- [           main] c.t.r.planner.RecipePlannerApplication   : RecipeEntity(id=3f12ae26-873e-49e8-8824-24af951d0a80, name=Pommes Frites, description=Lorem ipsum dolor sit amet, consectetur adipiscing elit, sed do eiusmod tempor incididunt ut labore et dolore magna aliqua., imageUrl=https://img.taste.com.au/5qlr1PkR/taste/2016/11/spaghetti-bolognese-106560-1.jpeg, ingredients=[IngredientEntity(id=a273a538-1f0d-4473-a318-1ca28e9f1cc4, name=Tomato, comment=The big ones, unit=PIECE, amount=5)])
2025-01-27T10:54:34.708+01:00  INFO 1504 --- [           main] c.t.r.planner.RecipePlannerApplication   : RecipeEntity(id=ea494285-f853-4c47-acc9-c6bd4bce3583, name=Lasagne al Forno, description=Lorem ipsum dolor sit amet, consectetur adipiscing elit, sed do eiusmod tempor incididunt ut labore et dolore magna aliqua., imageUrl=https://www.kitchensanctuary.com/wp-content/uploads/2020/04/Chicken-Fried-Rice-square-FS-.jpg, ingredients=[IngredientEntity(id=c40220bf-3a56-4c6a-b866-a85e6fb3279a, name=Tomato, comment=The big ones, unit=PIECE, amount=5)])
2025-01-27T10:54:34.708+01:00  INFO 1504 --- [           main] c.t.r.planner.RecipePlannerApplication   : RecipeEntity(id=b5690f25-6282-49ae-ade3-ee857053b335, name=Spaghetti Bolognese, description=Lorem ipsum dolor sit amet, consectetur adipiscing elit, sed do eiusmod tempor incididunt ut labore et dolore magna aliqua., imageUrl=https://recipeimages.migros.ch/crop/v-w-1200-h-630-a-center_center/ac38873942ada8c8154f0da0a748adf486a304d8/pommes-frites-0-16-9.jpg, ingredients=[IngredientEntity(id=d3b09702-e144-449b-b202-8f60e1fb5e2a, name=Tomato, comment=The big ones, unit=PIECE, amount=5)])
2025-01-27T10:54:34.708+01:00  INFO 1504 --- [           main] c.t.r.planner.RecipePlannerApplication   : RecipeEntity(id=0807a8d8-1a56-4fd7-8ea2-035b280ff5bf, name=Fried Rice, description=Lorem ipsum dolor sit amet, consectetur adipiscing elit, sed do eiusmod tempor incididunt ut labore et dolore magna aliqua., imageUrl=https://www.kitchensanctuary.com/wp-content/uploads/2020/04/Chicken-Fried-Rice-square-FS-.jpg, ingredients=[IngredientEntity(id=46fe72a2-5966-4b3e-b66f-e167d25e7e38, name=Tomato, comment=The big ones, unit=PIECE, amount=5)])
2025-01-27T10:54:34.708+01:00  INFO 1504 --- [           main] c.t.r.planner.RecipePlannerApplication   : RecipeEntity(id=3691d801-c37d-4b4c-96c7-c88534a7fff3, name=Spaghetti Bolognese, description=Lorem ipsum dolor sit amet, consectetur adipiscing elit, sed do eiusmod tempor incididunt ut labore et dolore magna aliqua., imageUrl=https://recipeimages.migros.ch/crop/v-w-1200-h-630-a-center_center/ac38873942ada8c8154f0da0a748adf486a304d8/pommes-frites-0-16-9.jpg, ingredients=[IngredientEntity(id=5bcbcece-4edf-4751-b646-0c513c725043, name=Tomato, comment=The big ones, unit=PIECE, amount=5)])
2025-01-27T10:54:34.708+01:00  INFO 1504 --- [           main] c.t.r.planner.RecipePlannerApplication   : RecipeEntity(id=84fc3410-3fb2-48b3-be95-f1aa66e17733, name=Pommes Frites, description=Lorem ipsum dolor sit amet, consectetur adipiscing elit, sed do eiusmod tempor incididunt ut labore et dolore magna aliqua., imageUrl=https://img.freepik.com/free-photo/grilled-gourmet-burger-with-cheese-tomato-onion-french-fries-generated-by-artificial-intelligence_25030-63181.jpg, ingredients=[IngredientEntity(id=5d80a0c6-919c-4935-9262-8a55d9e7545a, name=Tomato, comment=The big ones, unit=PIECE, amount=5)])
]]></system-out>
  </testcase>
  <testcase name="getRecipes_shouldReturnListOfRecipes" classname="RecipeControllerTest" time="0.047"/>
  <testcase name="addRecipe_shouldReturnSavedRecipe" classname="RecipeControllerTest" time="0.128"/>
</testsuite>